# JRE version: OpenJDK Runtime Environment (8.0_242-b01) (build 1.8.0_242-release-1644-b01)
# Java VM: OpenJDK 64-Bit Server VM (25.242-b01 mixed mode windows-amd64 compressed oops)
Heap:
 PSYoungGen      total 310272K, used 287609K [0x00000000d5580000, 0x00000000e9f80000, 0x0000000100000000)
  eden space 283648K, 99% used [0x00000000d5580000,0x00000000e68ea640,0x00000000e6a80000)
  from space 26624K, 20% used [0x00000000e8580000,0x00000000e8af4010,0x00000000e9f80000)
  to   space 27136K, 0% used [0x00000000e6a80000,0x00000000e6a80000,0x00000000e8500000)
 ParOldGen       total 267776K, used 65176K [0x0000000080000000, 0x0000000090580000, 0x00000000d5580000)
  object space 267776K, 24% used [0x0000000080000000,0x0000000083fa6178,0x0000000090580000)
 Metaspace       used 100075K, capacity 107926K, committed 108072K, reserved 1142784K
  class space    used 12791K, capacity 14095K, committed 14128K, reserved 1048576K
GC Heap History (10 events):
Event: 5455.981 GC heap before
{Heap before GC invocations=50 (full 4):
 PSYoungGen      total 310272K, used 282368K [0x00000000d5580000, 0x00000000ea380000, 0x0000000100000000)
  eden space 280064K, 100% used [0x00000000d5580000,0x00000000e6700000,0x00000000e6700000)
  from space 30208K, 7% used [0x00000000e6700000,0x00000000e6940000,0x00000000e8480000)
  to   space 30208K, 0% used [0x00000000e8600000,0x00000000e8600000,0x00000000ea380000)
 ParOldGen       total 267776K, used 64136K [0x0000000080000000, 0x0000000090580000, 0x00000000d5580000)
  object space 267776K, 23% used [0x0000000080000000,0x0000000083ea2178,0x0000000090580000)
 Metaspace       used 99789K, capacity 107698K, committed 107816K, reserved 1142784K
  class space    used 12783K, capacity 14089K, committed 14128K, reserved 1048576K
Event: 5456.068 GC heap after
Heap after GC invocations=50 (full 4):
 PSYoungGen      total 308736K, used 5216K [0x00000000d5580000, 0x00000000ea100000, 0x0000000100000000)
  eden space 281088K, 0% used [0x00000000d5580000,0x00000000d5580000,0x00000000e6800000)
  from space 27648K, 18% used [0x00000000e8600000,0x00000000e8b18020,0x00000000ea100000)
  to   space 29184K, 0% used [0x00000000e6800000,0x00000000e6800000,0x00000000e8480000)
 ParOldGen       total 267776K, used 64352K [0x0000000080000000, 0x0000000090580000, 0x00000000d5580000)
  object space 267776K, 24% used [0x0000000080000000,0x0000000083ed8178,0x0000000090580000)
 Metaspace       used 99789K, capacity 107698K, committed 107816K, reserved 1142784K
  class space    used 12783K, capacity 14089K, committed 14128K, reserved 1048576K
}
Event: 5487.293 GC heap before
{Heap before GC invocations=51 (full 4):
 PSYoungGen      total 308736K, used 286304K [0x00000000d5580000, 0x00000000ea100000, 0x0000000100000000)
  eden space 281088K, 100% used [0x00000000d5580000,0x00000000e6800000,0x00000000e6800000)
  from space 27648K, 18% used [0x00000000e8600000,0x00000000e8b18020,0x00000000ea100000)
  to   space 29184K, 0% used [0x00000000e6800000,0x00000000e6800000,0x00000000e8480000)
 ParOldGen       total 267776K, used 64352K [0x0000000080000000, 0x0000000090580000, 0x00000000d5580000)
  object space 267776K, 24% used [0x0000000080000000,0x0000000083ed8178,0x0000000090580000)
 Metaspace       used 99823K, capacity 107698K, committed 107816K, reserved 1142784K
  class space    used 12783K, capacity 14089K, committed 14128K, reserved 1048576K
Event: 5487.326 GC heap after
Heap after GC invocations=51 (full 4):
 PSYoungGen      total 310272K, used 19424K [0x00000000d5580000, 0x00000000ea580000, 0x0000000100000000)
  eden space 281088K, 0% used [0x00000000d5580000,0x00000000d5580000,0x00000000e6800000)
  from space 29184K, 66% used [0x00000000e6800000,0x00000000e7af8070,0x00000000e8480000)
  to   space 30720K, 0% used [0x00000000e8780000,0x00000000e8780000,0x00000000ea580000)
 ParOldGen       total 267776K, used 65024K [0x0000000080000000, 0x0000000090580000, 0x00000000d5580000)
  object space 267776K, 24% used [0x0000000080000000,0x0000000083f80178,0x0000000090580000)
 Metaspace       used 99823K, capacity 107698K, committed 107816K, reserved 1142784K
  class space    used 12783K, capacity 14089K, committed 14128K, reserved 1048576K
}
Event: 5534.334 GC heap before
{Heap before GC invocations=52 (full 4):
 PSYoungGen      total 310272K, used 300512K [0x00000000d5580000, 0x00000000ea580000, 0x0000000100000000)
  eden space 281088K, 100% used [0x00000000d5580000,0x00000000e6800000,0x00000000e6800000)
  from space 29184K, 66% used [0x00000000e6800000,0x00000000e7af8070,0x00000000e8480000)
  to   space 30720K, 0% used [0x00000000e8780000,0x00000000e8780000,0x00000000ea580000)
 ParOldGen       total 267776K, used 65024K [0x0000000080000000, 0x0000000090580000, 0x00000000d5580000)
  object space 267776K, 24% used [0x0000000080000000,0x0000000083f80178,0x0000000090580000)
 Metaspace       used 99846K, capacity 107698K, committed 107816K, reserved 1142784K
  class space    used 12783K, capacity 14089K, committed 14128K, reserved 1048576K
Event: 5534.345 GC heap after
Heap after GC invocations=52 (full 4):
 PSYoungGen      total 311296K, used 6544K [0x00000000d5580000, 0x00000000ea380000, 0x0000000100000000)
  eden space 282624K, 0% used [0x00000000d5580000,0x00000000d5580000,0x00000000e6980000)
  from space 28672K, 22% used [0x00000000e8780000,0x00000000e8de4040,0x00000000ea380000)
  to   space 29696K, 0% used [0x00000000e6980000,0x00000000e6980000,0x00000000e8680000)
 ParOldGen       total 267776K, used 65072K [0x0000000080000000, 0x0000000090580000, 0x00000000d5580000)
  object space 267776K, 24% used [0x0000000080000000,0x0000000083f8c178,0x0000000090580000)
 Metaspace       used 99846K, capacity 107698K, committed 107816K, reserved 1142784K
  class space    used 12783K, capacity 14089K, committed 14128K, reserved 1048576K
}
Event: 5612.005 GC heap before
{Heap before GC invocations=53 (full 4):
 PSYoungGen      total 311296K, used 289159K [0x00000000d5580000, 0x00000000ea380000, 0x0000000100000000)
  eden space 282624K, 99% used [0x00000000d5580000,0x00000000e697df68,0x00000000e6980000)
  from space 28672K, 22% used [0x00000000e8780000,0x00000000e8de4040,0x00000000ea380000)
  to   space 29696K, 0% used [0x00000000e6980000,0x00000000e6980000,0x00000000e8680000)
 ParOldGen       total 267776K, used 65072K [0x0000000080000000, 0x0000000090580000, 0x00000000d5580000)
  object space 267776K, 24% used [0x0000000080000000,0x0000000083f8c178,0x0000000090580000)
 Metaspace       used 99959K, capacity 107826K, committed 108072K, reserved 1142784K
  class space    used 12784K, capacity 14089K, committed 14128K, reserved 1048576K
Event: 5612.012 GC heap after
Heap after GC invocations=53 (full 4):
 PSYoungGen      total 293888K, used 11184K [0x00000000d5580000, 0x00000000ea080000, 0x0000000100000000)
  eden space 282624K, 0% used [0x00000000d5580000,0x00000000d5580000,0x00000000e6980000)
  from space 11264K, 99% used [0x00000000e6980000,0x00000000e746c030,0x00000000e7480000)
  to   space 27648K, 0% used [0x00000000e8580000,0x00000000e8580000,0x00000000ea080000)
 ParOldGen       total 267776K, used 65120K [0x0000000080000000, 0x0000000090580000, 0x00000000d5580000)
  object space 267776K, 24% used [0x0000000080000000,0x0000000083f98178,0x0000000090580000)
 Metaspace       used 99959K, capacity 107826K, committed 108072K, reserved 1142784K
  class space    used 12784K, capacity 14089K, committed 14128K, reserved 1048576K
}
Event: 5752.419 GC heap before
{Heap before GC invocations=54 (full 4):
 PSYoungGen      total 293888K, used 293808K [0x00000000d5580000, 0x00000000ea080000, 0x0000000100000000)
  eden space 282624K, 100% used [0x00000000d5580000,0x00000000e6980000,0x00000000e6980000)
  from space 11264K, 99% used [0x00000000e6980000,0x00000000e746c030,0x00000000e7480000)
  to   space 27648K, 0% used [0x00000000e8580000,0x00000000e8580000,0x00000000ea080000)
 ParOldGen       total 267776K, used 65120K [0x0000000080000000, 0x0000000090580000, 0x00000000d5580000)
  object space 267776K, 24% used [0x0000000080000000,0x0000000083f98178,0x0000000090580000)
 Metaspace       used 100027K, capacity 107856K, committed 108072K, reserved 1142784K
  class space    used 12789K, capacity 14094K, committed 14128K, reserved 1048576K
Event: 5752.425 GC heap after
Heap after GC invocations=54 (full 4):
 PSYoungGen      total 310272K, used 5584K [0x00000000d5580000, 0x00000000e9f80000, 0x0000000100000000)
  eden space 283648K, 0% used [0x00000000d5580000,0x00000000d5580000,0x00000000e6a80000)
  from space 26624K, 20% used [0x00000000e8580000,0x00000000e8af4010,0x00000000e9f80000)
  to   space 27136K, 0% used [0x00000000e6a80000,0x00000000e6a80000,0x00000000e8500000)
 ParOldGen       total 267776K, used 65176K [0x0000000080000000, 0x0000000090580000, 0x00000000d5580000)
  object space 267776K, 24% used [0x0000000080000000,0x0000000083fa6178,0x0000000090580000)
 Metaspace       used 100027K, capacity 107856K, committed 108072K, reserved 1142784K
  class space    used 12789K, capacity 14094K, committed 14128K, reserved 1048576K
}

