# JRE version: OpenJDK Runtime Environment (8.0_242-b01) (build 1.8.0_242-release-1644-b01)
# Java VM: OpenJDK 64-Bit Server VM (25.242-b01 mixed mode windows-amd64 compressed oops)
Heap:
 PSYoungGen      total 231424K, used 158499K [0x00000000d5580000, 0x00000000e5480000, 0x0000000100000000)
  eden space 214528K, 66% used [0x00000000d5580000,0x00000000de0340a0,0x00000000e2700000)
  from space 16896K, 97% used [0x00000000e4400000,0x00000000e5414b80,0x00000000e5480000)
  to   space 22016K, 0% used [0x00000000e2980000,0x00000000e2980000,0x00000000e3f00000)
 ParOldGen       total 177664K, used 40859K [0x0000000080000000, 0x000000008ad80000, 0x00000000d5580000)
  object space 177664K, 22% used [0x0000000080000000,0x00000000827e6c98,0x000000008ad80000)
 Metaspace       used 70881K, capacity 74470K, committed 74536K, reserved 1114112K
  class space    used 9559K, capacity 10242K, committed 10288K, reserved 1048576K
GC Heap History (10 events):
Event: 4.946 GC heap before
{Heap before GC invocations=11 (full 2):
 PSYoungGen      total 164864K, used 152064K [0x00000000d5580000, 0x00000000e0f00000, 0x0000000100000000)
  eden space 152064K, 100% used [0x00000000d5580000,0x00000000dea00000,0x00000000dea00000)
  from space 12800K, 0% used [0x00000000df600000,0x00000000df600000,0x00000000e0280000)
  to   space 12288K, 0% used [0x00000000dea00000,0x00000000dea00000,0x00000000df600000)
 ParOldGen       total 110592K, used 14216K [0x0000000080000000, 0x0000000086c00000, 0x00000000d5580000)
  object space 110592K, 12% used [0x0000000080000000,0x0000000080de23e8,0x0000000086c00000)
 Metaspace       used 39830K, capacity 41650K, committed 41768K, reserved 1085440K
  class space    used 5511K, capacity 5927K, committed 5936K, reserved 1048576K
Event: 4.953 GC heap after
Heap after GC invocations=11 (full 2):
 PSYoungGen      total 164352K, used 10949K [0x00000000d5580000, 0x00000000e2580000, 0x0000000100000000)
  eden space 152064K, 0% used [0x00000000d5580000,0x00000000d5580000,0x00000000dea00000)
  from space 12288K, 89% used [0x00000000dea00000,0x00000000df4b17a8,0x00000000df600000)
  to   space 13312K, 0% used [0x00000000e1880000,0x00000000e1880000,0x00000000e2580000)
 ParOldGen       total 110592K, used 14224K [0x0000000080000000, 0x0000000086c00000, 0x00000000d5580000)
  object space 110592K, 12% used [0x0000000080000000,0x0000000080de43e8,0x0000000086c00000)
 Metaspace       used 39830K, capacity 41650K, committed 41768K, reserved 1085440K
  class space    used 5511K, capacity 5927K, committed 5936K, reserved 1048576K
}
Event: 6.470 GC heap before
{Heap before GC invocations=12 (full 2):
 PSYoungGen      total 164352K, used 163013K [0x00000000d5580000, 0x00000000e2580000, 0x0000000100000000)
  eden space 152064K, 100% used [0x00000000d5580000,0x00000000dea00000,0x00000000dea00000)
  from space 12288K, 89% used [0x00000000dea00000,0x00000000df4b17a8,0x00000000df600000)
  to   space 13312K, 0% used [0x00000000e1880000,0x00000000e1880000,0x00000000e2580000)
 ParOldGen       total 110592K, used 14224K [0x0000000080000000, 0x0000000086c00000, 0x00000000d5580000)
  object space 110592K, 12% used [0x0000000080000000,0x0000000080de43e8,0x0000000086c00000)
 Metaspace       used 54498K, capacity 56822K, committed 56872K, reserved 1097728K
  class space    used 7438K, capacity 7952K, committed 7984K, reserved 1048576K
Event: 6.487 GC heap after
Heap after GC invocations=12 (full 2):
 PSYoungGen      total 193536K, used 13300K [0x00000000d5580000, 0x00000000e2f00000, 0x0000000100000000)
  eden space 180224K, 0% used [0x00000000d5580000,0x00000000d5580000,0x00000000e0580000)
  from space 13312K, 99% used [0x00000000e1880000,0x00000000e257d300,0x00000000e2580000)
  to   space 19456K, 0% used [0x00000000e0580000,0x00000000e0580000,0x00000000e1880000)
 ParOldGen       total 110592K, used 27092K [0x0000000080000000, 0x0000000086c00000, 0x00000000d5580000)
  object space 110592K, 24% used [0x0000000080000000,0x0000000081a75360,0x0000000086c00000)
 Metaspace       used 54498K, capacity 56822K, committed 56872K, reserved 1097728K
  class space    used 7438K, capacity 7952K, committed 7984K, reserved 1048576K
}
Event: 6.768 GC heap before
{Heap before GC invocations=13 (full 2):
 PSYoungGen      total 193536K, used 46826K [0x00000000d5580000, 0x00000000e2f00000, 0x0000000100000000)
  eden space 180224K, 18% used [0x00000000d5580000,0x00000000d763d6d0,0x00000000e0580000)
  from space 13312K, 99% used [0x00000000e1880000,0x00000000e257d300,0x00000000e2580000)
  to   space 19456K, 0% used [0x00000000e0580000,0x00000000e0580000,0x00000000e1880000)
 ParOldGen       total 110592K, used 27092K [0x0000000080000000, 0x0000000086c00000, 0x00000000d5580000)
  object space 110592K, 24% used [0x0000000080000000,0x0000000081a75360,0x0000000086c00000)
 Metaspace       used 56671K, capacity 59074K, committed 59160K, reserved 1099776K
  class space    used 7766K, capacity 8286K, committed 8368K, reserved 1048576K
Event: 6.780 GC heap after
Heap after GC invocations=13 (full 2):
 PSYoungGen      total 199680K, used 16441K [0x00000000d5580000, 0x00000000e5880000, 0x0000000100000000)
  eden space 180224K, 0% used [0x00000000d5580000,0x00000000d5580000,0x00000000e0580000)
  from space 19456K, 84% used [0x00000000e0580000,0x00000000e158e630,0x00000000e1880000)
  to   space 20992K, 0% used [0x00000000e4400000,0x00000000e4400000,0x00000000e5880000)
 ParOldGen       total 110592K, used 27100K [0x0000000080000000, 0x0000000086c00000, 0x00000000d5580000)
  object space 110592K, 24% used [0x0000000080000000,0x0000000081a77360,0x0000000086c00000)
 Metaspace       used 56671K, capacity 59074K, committed 59160K, reserved 1099776K
  class space    used 7766K, capacity 8286K, committed 8368K, reserved 1048576K
}
Event: 6.780 GC heap before
{Heap before GC invocations=14 (full 3):
 PSYoungGen      total 199680K, used 16441K [0x00000000d5580000, 0x00000000e5880000, 0x0000000100000000)
  eden space 180224K, 0% used [0x00000000d5580000,0x00000000d5580000,0x00000000e0580000)
  from space 19456K, 84% used [0x00000000e0580000,0x00000000e158e630,0x00000000e1880000)
  to   space 20992K, 0% used [0x00000000e4400000,0x00000000e4400000,0x00000000e5880000)
 ParOldGen       total 110592K, used 27100K [0x0000000080000000, 0x0000000086c00000, 0x00000000d5580000)
  object space 110592K, 24% used [0x0000000080000000,0x0000000081a77360,0x0000000086c00000)
 Metaspace       used 56671K, capacity 59074K, committed 59160K, reserved 1099776K
  class space    used 7766K, capacity 8286K, committed 8368K, reserved 1048576K
Event: 6.951 GC heap after
Heap after GC invocations=14 (full 3):
 PSYoungGen      total 199680K, used 0K [0x00000000d5580000, 0x00000000e5880000, 0x0000000100000000)
  eden space 180224K, 0% used [0x00000000d5580000,0x00000000d5580000,0x00000000e0580000)
  from space 19456K, 0% used [0x00000000e0580000,0x00000000e0580000,0x00000000e1880000)
  to   space 20992K, 0% used [0x00000000e4400000,0x00000000e4400000,0x00000000e5880000)
 ParOldGen       total 177664K, used 40851K [0x0000000080000000, 0x000000008ad80000, 0x00000000d5580000)
  object space 177664K, 22% used [0x0000000080000000,0x00000000827e4c98,0x000000008ad80000)
 Metaspace       used 56620K, capacity 58900K, committed 59160K, reserved 1099776K
  class space    used 7750K, capacity 8257K, committed 8368K, reserved 1048576K
}
Event: 8.333 GC heap before
{Heap before GC invocations=15 (full 3):
 PSYoungGen      total 199680K, used 180224K [0x00000000d5580000, 0x00000000e5880000, 0x0000000100000000)
  eden space 180224K, 100% used [0x00000000d5580000,0x00000000e0580000,0x00000000e0580000)
  from space 19456K, 0% used [0x00000000e0580000,0x00000000e0580000,0x00000000e1880000)
  to   space 20992K, 0% used [0x00000000e4400000,0x00000000e4400000,0x00000000e5880000)
 ParOldGen       total 177664K, used 40851K [0x0000000080000000, 0x000000008ad80000, 0x00000000d5580000)
  object space 177664K, 22% used [0x0000000080000000,0x00000000827e4c98,0x000000008ad80000)
 Metaspace       used 63505K, capacity 66730K, committed 66856K, reserved 1105920K
  class space    used 8797K, capacity 9416K, committed 9520K, reserved 1048576K
Event: 8.344 GC heap after
Heap after GC invocations=15 (full 3):
 PSYoungGen      total 231424K, used 16466K [0x00000000d5580000, 0x00000000e5480000, 0x0000000100000000)
  eden space 214528K, 0% used [0x00000000d5580000,0x00000000d5580000,0x00000000e2700000)
  from space 16896K, 97% used [0x00000000e4400000,0x00000000e5414b80,0x00000000e5480000)
  to   space 22016K, 0% used [0x00000000e2980000,0x00000000e2980000,0x00000000e3f00000)
 ParOldGen       total 177664K, used 40859K [0x0000000080000000, 0x000000008ad80000, 0x00000000d5580000)
  object space 177664K, 22% used [0x0000000080000000,0x00000000827e6c98,0x000000008ad80000)
 Metaspace       used 63505K, capacity 66730K, committed 66856K, reserved 1105920K
  class space    used 8797K, capacity 9416K, committed 9520K, reserved 1048576K
}

